[22:11:25] [main/INFO] (FabricLoader/GameProvider) Loading Minecraft 1.19.3 with Fabric Loader 0.14.11
[22:11:26] [main/INFO] (FabricLoader) Loading 45 mods:
	- arcanemastery 0.0.1-1.19.3
	- fabric-api 0.68.1+1.19.3
	- fabric-api-base 0.4.19+8d1895cf72
	- fabric-api-lookup-api-v1 1.6.18+49abcf7e72
	- fabric-biome-api-v1 12.0.0+689f5e7172
	- fabric-block-api-v1 1.0.3+12bfe4ea72
	- fabric-blockrenderlayer-v1 1.1.28+c6af733c72
	- fabric-client-tags-api-v1 1.0.9+49abcf7e72
	- fabric-command-api-v2 2.1.15+49abcf7e72
	- fabric-content-registries-v0 3.4.11+49abcf7e72
	- fabric-convention-tags-v1 1.1.9+2894d6df72
	- fabric-crash-report-info-v1 0.2.12+aeb40ebe72
	- fabric-data-generation-api-v1 11.0.1+65e415cb72
	- fabric-dimensions-v1 2.1.39+48349a3f72
	- fabric-entity-events-v1 1.5.5+b83334a072
	- fabric-events-interaction-v0 0.4.37+422b77fb72
	- fabric-game-rule-api-v1 1.0.28+2894d6df72
	- fabric-gametest-api-v1 1.1.13+12a01b0672
	- fabric-item-api-v1 2.1.4+fa25da9972
	- fabric-item-group-api-v1 2.1.6+b7096da872
	- fabric-key-binding-api-v1 1.0.28+aaaf9d3372
	- fabric-lifecycle-events-v1 2.2.8+2894d6df72
	- fabric-loot-api-v2 1.1.17+75e9821172
	- fabric-message-api-v1 5.0.12+6ede1da972
	- fabric-mining-level-api-v1 2.1.28+49abcf7e72
	- fabric-models-v0 0.3.25+11ba9c3b72
	- fabric-networking-api-v1 1.2.14+d9ac3c3972
	- fabric-object-builder-api-v1 5.1.6+49abcf7e72
	- fabric-particles-v1 1.0.18+fbde993d72
	- fabric-registry-sync-v0 2.0.1+2608564672
	- fabric-renderer-api-v1 2.1.0+2063beff72
	- fabric-renderer-indigo 0.6.23+11ba9c3b72
	- fabric-rendering-data-attachment-v1 0.3.23+48349a3f72
	- fabric-rendering-fluids-v1 3.0.16+3067f46372
	- fabric-rendering-v1 1.11.7+49abcf7e72
	- fabric-resource-conditions-api-v1 2.2.0+280be3ab72
	- fabric-resource-loader-v0 0.10.2+f6c919d672
	- fabric-screen-api-v1 1.0.38+8c84281072
	- fabric-screen-handler-api-v1 1.3.10+689f5e7172
	- fabric-sound-api-v1 1.0.6+75e9821172
	- fabric-transfer-api-v1 2.1.11+28ac448f72
	- fabric-transitive-access-wideners-v1 2.1.0+0efcd39b72
	- fabricloader 0.14.11
	- java 18
	- minecraft 1.19.3
[22:11:27] [main/INFO] (FabricLoader/Mixin) SpongePowered MIXIN Subsystem Version=0.8.5 Source=file:/home/redfox/.gradle/caches/modules-2/files-2.1/net.fabricmc/sponge-mixin/0.11.4+mixin.0.8.5/c1dc27696aa4006e492c2485c9ccbcb26045a971/sponge-mixin-0.11.4+mixin.0.8.5.jar Service=Knot/Fabric Env=CLIENT
[22:11:28] [main/INFO] (FabricLoader/Mixin) Loaded Fabric development mappings for mixin remapper!
[22:11:28] [main/INFO] (FabricLoader/Mixin) Compatibility level set to JAVA_17
[22:11:32] [main/WARN] (FileUtil) Configuration conflict: there is more than one oshi.properties file on the classpath: [jar:file:/home/redfox/.gradle/caches/modules-2/files-2.1/com.github.oshi/oshi-core/6.2.2/54f5efc19bca95d709d9a37d19ffcbba3d21c1a6/oshi-core-6.2.2.jar!/oshi.properties, jar:file:/home/redfox/.gradle/caches/modules-2/files-2.1/com.github.oshi/oshi-core/6.2.2/54f5efc19bca95d709d9a37d19ffcbba3d21c1a6/oshi-core-6.2.2.jar!/oshi.properties]
[22:11:32] [main/WARN] (FileUtil) Configuration conflict: there is more than one oshi.architecture.properties file on the classpath: [jar:file:/home/redfox/.gradle/caches/modules-2/files-2.1/com.github.oshi/oshi-core/6.2.2/54f5efc19bca95d709d9a37d19ffcbba3d21c1a6/oshi-core-6.2.2.jar!/oshi.architecture.properties, jar:file:/home/redfox/.gradle/caches/modules-2/files-2.1/com.github.oshi/oshi-core/6.2.2/54f5efc19bca95d709d9a37d19ffcbba3d21c1a6/oshi-core-6.2.2.jar!/oshi.architecture.properties]
[22:11:45] [main/INFO] (Minecraft) Building optimized datafixer
[22:11:58] [Render thread/INFO] (Minecraft) Environment: authHost='https://authserver.mojang.com', accountsHost='https://api.mojang.com', sessionHost='https://sessionserver.mojang.com', servicesHost='https://api.minecraftservices.com', name='PROD'
[22:12:00] [Render thread/ERROR] (fabric-screen-api-v1) Failed to verify authentication
com.mojang.authlib.exceptions.InvalidCredentialsException: Status: 401
	at com.mojang.authlib.exceptions.MinecraftClientHttpException.toAuthenticationException(MinecraftClientHttpException.java:56) ~[authlib-3.16.29.jar:?]
	at com.mojang.authlib.yggdrasil.YggdrasilUserApiService.fetchProperties(YggdrasilUserApiService.java:156) ~[authlib-3.16.29.jar:?]
	at com.mojang.authlib.yggdrasil.YggdrasilUserApiService.<init>(YggdrasilUserApiService.java:55) ~[authlib-3.16.29.jar:?]
	at com.mojang.authlib.yggdrasil.YggdrasilAuthenticationService.createUserApiService(YggdrasilAuthenticationService.java:161) ~[authlib-3.16.29.jar:?]
	at net.minecraft.client.MinecraftClient.createUserApiService(MinecraftClient.java:709) ~[minecraft-project-@-merged-named.jar:?]
	at net.minecraft.client.MinecraftClient.<init>(MinecraftClient.java:504) ~[minecraft-project-@-merged-named.jar:?]
	at net.minecraft.client.main.Main.main(Main.java:185) ~[minecraft-project-@-merged-named.jar:?]
	at net.minecraft.client.main.Main.main(Main.java:56) ~[minecraft-project-@-merged-named.jar:?]
	at net.fabricmc.loader.impl.game.minecraft.MinecraftGameProvider.launch(MinecraftGameProvider.java:461) ~[fabric-loader-0.14.11.jar:?]
	at net.fabricmc.loader.impl.launch.knot.Knot.launch(Knot.java:74) ~[fabric-loader-0.14.11.jar:?]
	at net.fabricmc.loader.impl.launch.knot.KnotClient.main(KnotClient.java:23) ~[fabric-loader-0.14.11.jar:?]
	at net.fabricmc.devlaunchinjector.Main.main(Main.java:86) ~[dev-launch-injector-0.2.1+build.8.jar:?]
Caused by: com.mojang.authlib.exceptions.MinecraftClientHttpException: Status: 401
	at com.mojang.authlib.minecraft.client.MinecraftClient.readInputStream(MinecraftClient.java:87) ~[authlib-3.16.29.jar:?]
	at com.mojang.authlib.minecraft.client.MinecraftClient.get(MinecraftClient.java:48) ~[authlib-3.16.29.jar:?]
	at com.mojang.authlib.yggdrasil.YggdrasilUserApiService.fetchProperties(YggdrasilUserApiService.java:129) ~[authlib-3.16.29.jar:?]
	... 10 more
[22:12:00] [Render thread/INFO] (fabric-screen-api-v1) Setting user: Player976
[22:12:02] [Render thread/INFO] (Indigo) [Indigo] Registering Indigo renderer!
[22:12:03] [Render thread/INFO] (fabric-screen-api-v1) Backend library: LWJGL version 3.3.1 SNAPSHOT
[22:12:12] [Render thread/INFO] (Minecraft) Narrator library successfully loaded
[22:12:12] [Render thread/INFO] (Minecraft) Reloading ResourceManager: vanilla, Fabric Mods (Fabric Transitive Access Wideners (v1), Fabric Sound API (v1), Fabric Convention Tags, Fabric Game Test API (v1), Fabric Object Builder API (v1), Fabric Models (v0), Fabric API, Fabric Biome API (v1), Fabric Command API (v2), Fabric Dimensions API (v1), Fabric Game Rule API (v1), Fabric Renderer API (v1), Fabric Resource Loader (v0), Fabric Loader, Fabric Crash Report Info (v1), Fabric Content Registries (v0), Fabric Registry Sync (v0), Fabric Item API (v1), Fabric Transfer API (v1), Fabric Screen API (v1), Fabric Screen Handler API (v1), Fabric BlockRenderLayer Registration (v1), Fabric Item Group API (v1), Fabric Resource Conditions API (v1), Fabric Networking API (v1), Fabric Mining Level API (v1), Fabric Rendering Fluids (v1), Fabric Loot API (v2), Fabric Renderer - Indigo, Fabric Particles (v1), Fabric Key Binding API (v1), Fabric API Lookup API (v1), Fabric Data Generation API (v1), Fabric Entity Events (v1), Fabric Events Interaction (v0), Fabric Rendering Data Attachment (v1), Fabric Lifecycle Events (v1), Fabric Rendering (v1), Fabric Message API (v1), Arcane Mastery, Fabric Client Tags, Fabric API Base)
[22:12:13] [Render thread/INFO] (arcanemastery) This line is printed by an example mod mixin!
[22:12:13] [Realms Notification Availability checker #1/INFO] (Minecraft) Could not authorize you against Realms server: Invalid session id
[22:12:14] [Render thread/INFO] (arcanemastery) This line is printed by an example mod mixin!
[22:12:27] [Render thread/WARN] (Minecraft) Missing sound for event: minecraft:item.goat_horn.play
[22:12:27] [Render thread/WARN] (Minecraft) Missing sound for event: minecraft:entity.goat.screaming.horn_break
[22:12:29] [Render thread/INFO] (Minecraft) OpenAL initialized on device VirtIO SoundCard
[22:12:29] [Render thread/INFO] (Minecraft) Sound engine started
[22:12:29] [Render thread/INFO] (Minecraft) Created: 1024x1024x4 minecraft:textures/atlas/blocks.png-atlas
[22:12:29] [Render thread/INFO] (Minecraft) Created: 512x256x4 minecraft:textures/atlas/signs.png-atlas
[22:12:29] [Render thread/INFO] (Minecraft) Created: 1024x512x4 minecraft:textures/atlas/shield_patterns.png-atlas
[22:12:29] [Render thread/INFO] (Minecraft) Created: 1024x512x4 minecraft:textures/atlas/banner_patterns.png-atlas
[22:12:29] [Render thread/INFO] (Minecraft) Created: 256x256x4 minecraft:textures/atlas/chest.png-atlas
[22:12:29] [Render thread/INFO] (Minecraft) Created: 512x256x4 minecraft:textures/atlas/shulker_boxes.png-atlas
[22:12:29] [Render thread/INFO] (Minecraft) Created: 512x256x4 minecraft:textures/atlas/beds.png-atlas
[22:12:31] [Render thread/WARN] (Minecraft) Shader rendertype_entity_translucent_emissive could not find sampler named Sampler2 in the specified shader program.
[22:12:31] [Render thread/INFO] (Minecraft) Created: 512x256x0 minecraft:textures/atlas/particles.png-atlas
[22:12:31] [Render thread/INFO] (Minecraft) Created: 256x256x0 minecraft:textures/atlas/paintings.png-atlas
[22:12:31] [Render thread/INFO] (Minecraft) Created: 256x128x0 minecraft:textures/atlas/mob_effects.png-atlas
[22:12:31] [Render thread/INFO] (arcanemastery) This line is printed by an example mod mixin!
[22:12:51] [Render thread/INFO] (Minecraft) Loaded 7 recipes
[22:12:54] [Render thread/INFO] (Minecraft) Loaded 1179 advancements
[22:12:58] [Render thread/INFO] (BiomeModificationImpl) Applied 0 biome modifications to 0 of 63 new biomes in 2.357 ms
[22:12:58] [Server thread/INFO] (Minecraft) Starting integrated minecraft server version 1.19.3
[22:12:58] [Server thread/INFO] (Minecraft) Generating keypair
[22:13:21] [Server thread/INFO] (Minecraft) Preparing start region for dimension minecraft:overworld
[22:14:02] [Render thread/INFO] (Minecraft) Preparing spawn area: 0%
[22:14:02] [Render thread/INFO] (Minecraft) Preparing spawn area: 0%
[22:14:02] [Render thread/INFO] (Minecraft) Preparing spawn area: 0%
[22:14:02] [Render thread/INFO] (Minecraft) Preparing spawn area: 0%
[22:14:02] [Render thread/INFO] (Minecraft) Preparing spawn area: 0%
[22:14:02] [Render thread/INFO] (Minecraft) Preparing spawn area: 0%
[22:14:02] [Render thread/INFO] (Minecraft) Preparing spawn area: 0%
[22:14:02] [Render thread/INFO] (Minecraft) Preparing spawn area: 0%
[22:14:02] [Render thread/INFO] (Minecraft) Preparing spawn area: 0%
[22:14:02] [Render thread/INFO] (Minecraft) Preparing spawn area: 0%
[22:14:02] [Render thread/INFO] (Minecraft) Preparing spawn area: 0%
[22:14:02] [Render thread/INFO] (Minecraft) Preparing spawn area: 0%
[22:14:02] [Render thread/INFO] (Minecraft) Preparing spawn area: 0%
[22:14:02] [Render thread/INFO] (Minecraft) Preparing spawn area: 0%
[22:14:02] [Render thread/INFO] (Minecraft) Preparing spawn area: 0%
[22:14:02] [Render thread/INFO] (Minecraft) Preparing spawn area: 0%
[22:14:02] [Render thread/INFO] (Minecraft) Preparing spawn area: 0%
[22:14:02] [Render thread/INFO] (Minecraft) Preparing spawn area: 0%
[22:14:02] [Render thread/INFO] (Minecraft) Preparing spawn area: 0%
[22:14:02] [Render thread/INFO] (Minecraft) Preparing spawn area: 0%
[22:14:02] [Render thread/INFO] (Minecraft) Preparing spawn area: 0%
[22:14:02] [Render thread/INFO] (Minecraft) Preparing spawn area: 0%
[22:14:02] [Render thread/INFO] (Minecraft) Preparing spawn area: 0%
[22:14:02] [Render thread/INFO] (Minecraft) Preparing spawn area: 0%
[22:14:02] [Render thread/INFO] (Minecraft) Preparing spawn area: 0%
[22:14:02] [Render thread/INFO] (Minecraft) Preparing spawn area: 0%
[22:14:02] [Render thread/INFO] (Minecraft) Preparing spawn area: 0%
[22:14:02] [Render thread/INFO] (Minecraft) Preparing spawn area: 0%
[22:14:02] [Render thread/INFO] (Minecraft) Preparing spawn area: 0%
[22:14:02] [Render thread/INFO] (Minecraft) Preparing spawn area: 0%
[22:14:02] [Render thread/INFO] (Minecraft) Preparing spawn area: 0%
[22:14:02] [Render thread/INFO] (Minecraft) Preparing spawn area: 0%
[22:14:02] [Render thread/INFO] (Minecraft) Preparing spawn area: 0%
[22:14:02] [Render thread/INFO] (Minecraft) Preparing spawn area: 0%
[22:14:02] [Render thread/INFO] (Minecraft) Preparing spawn area: 0%
[22:14:02] [Render thread/INFO] (Minecraft) Preparing spawn area: 0%
[22:14:02] [Render thread/INFO] (Minecraft) Preparing spawn area: 0%
[22:14:02] [Render thread/INFO] (Minecraft) Preparing spawn area: 0%
[22:14:02] [Render thread/INFO] (Minecraft) Preparing spawn area: 0%
[22:14:02] [Render thread/INFO] (Minecraft) Preparing spawn area: 0%
[22:14:02] [Render thread/INFO] (Minecraft) Preparing spawn area: 0%
[22:14:02] [Render thread/INFO] (Minecraft) Preparing spawn area: 0%
[22:14:02] [Render thread/INFO] (Minecraft) Preparing spawn area: 0%
[22:14:02] [Render thread/INFO] (Minecraft) Preparing spawn area: 0%
[22:14:02] [Render thread/INFO] (Minecraft) Preparing spawn area: 0%
[22:14:02] [Render thread/INFO] (Minecraft) Preparing spawn area: 0%
[22:14:02] [Render thread/INFO] (Minecraft) Preparing spawn area: 0%
[22:14:02] [Render thread/INFO] (Minecraft) Preparing spawn area: 0%
[22:14:02] [Render thread/INFO] (Minecraft) Preparing spawn area: 0%
[22:14:02] [Render thread/INFO] (Minecraft) Preparing spawn area: 0%
[22:14:02] [Render thread/INFO] (Minecraft) Preparing spawn area: 0%
[22:14:02] [Render thread/INFO] (Minecraft) Preparing spawn area: 0%
[22:14:02] [Render thread/INFO] (Minecraft) Preparing spawn area: 0%
[22:14:02] [Render thread/INFO] (Minecraft) Preparing spawn area: 0%
[22:14:02] [Render thread/INFO] (Minecraft) Preparing spawn area: 0%
[22:14:02] [Render thread/INFO] (Minecraft) Preparing spawn area: 0%
[22:14:02] [Render thread/INFO] (Minecraft) Preparing spawn area: 0%
[22:14:02] [Render thread/INFO] (Minecraft) Preparing spawn area: 0%
[22:14:02] [Render thread/INFO] (Minecraft) Preparing spawn area: 0%
[22:14:02] [Render thread/INFO] (Minecraft) Preparing spawn area: 0%
[22:14:02] [Render thread/INFO] (Minecraft) Preparing spawn area: 0%
[22:14:02] [Render thread/INFO] (Minecraft) Preparing spawn area: 0%
[22:14:02] [Render thread/INFO] (Minecraft) Preparing spawn area: 0%
[22:14:02] [Render thread/INFO] (Minecraft) Preparing spawn area: 0%
[22:14:02] [Render thread/INFO] (Minecraft) Preparing spawn area: 0%
[22:14:02] [Render thread/INFO] (Minecraft) Preparing spawn area: 0%
[22:14:02] [Render thread/INFO] (Minecraft) Preparing spawn area: 0%
[22:14:02] [Render thread/INFO] (Minecraft) Preparing spawn area: 0%
[22:14:02] [Render thread/INFO] (Minecraft) Preparing spawn area: 0%
[22:14:02] [Render thread/INFO] (Minecraft) Preparing spawn area: 0%
[22:14:02] [Render thread/INFO] (Minecraft) Preparing spawn area: 0%
[22:14:02] [Render thread/INFO] (Minecraft) Preparing spawn area: 0%
[22:14:02] [Render thread/INFO] (Minecraft) Preparing spawn area: 0%
[22:14:02] [Render thread/INFO] (Minecraft) Preparing spawn area: 0%
[22:14:02] [Render thread/INFO] (Minecraft) Preparing spawn area: 0%
[22:14:02] [Render thread/INFO] (Minecraft) Preparing spawn area: 0%
[22:14:02] [Render thread/INFO] (Minecraft) Preparing spawn area: 0%
[22:14:02] [Render thread/INFO] (Minecraft) Preparing spawn area: 0%
[22:14:02] [Render thread/INFO] (Minecraft) Preparing spawn area: 0%
[22:14:02] [Render thread/INFO] (Minecraft) Preparing spawn area: 0%
[22:14:02] [Render thread/INFO] (Minecraft) Preparing spawn area: 0%
[22:14:02] [Render thread/INFO] (Minecraft) Preparing spawn area: 0%
[22:14:02] [Render thread/INFO] (Minecraft) Preparing spawn area: 0%
[22:14:03] [Render thread/INFO] (Minecraft) Preparing spawn area: 0%
[22:14:03] [Render thread/INFO] (Minecraft) Preparing spawn area: 0%
[22:14:05] [Render thread/INFO] (Minecraft) Preparing spawn area: 0%
[22:14:05] [Render thread/INFO] (Minecraft) Preparing spawn area: 0%
[22:14:05] [Render thread/INFO] (Minecraft) Preparing spawn area: 0%
[22:14:05] [Render thread/INFO] (Minecraft) Preparing spawn area: 1%
[22:14:06] [Render thread/INFO] (Minecraft) Preparing spawn area: 2%
[22:14:06] [Render thread/INFO] (Minecraft) Preparing spawn area: 5%
[22:14:06] [Render thread/INFO] (Minecraft) Preparing spawn area: 9%
[22:14:07] [Render thread/INFO] (Minecraft) Preparing spawn area: 10%
[22:14:07] [Render thread/INFO] (Minecraft) Preparing spawn area: 10%
[22:14:08] [Render thread/INFO] (Minecraft) Preparing spawn area: 22%
[22:14:08] [Render thread/INFO] (Minecraft) Preparing spawn area: 23%
[22:14:09] [Render thread/INFO] (Minecraft) Preparing spawn area: 37%
[22:14:10] [Render thread/INFO] (Minecraft) Preparing spawn area: 41%
[22:14:10] [Render thread/INFO] (Minecraft) Preparing spawn area: 41%
[22:14:11] [Render thread/INFO] (Minecraft) Preparing spawn area: 63%
[22:14:11] [Render thread/INFO] (Minecraft) Preparing spawn area: 74%
[22:14:12] [Render thread/INFO] (Minecraft) Preparing spawn area: 92%
[22:14:13] [Render thread/INFO] (Minecraft) Time elapsed: 51936 ms
[22:14:14] [Server thread/INFO] (Minecraft) Changing view distance to 12, from 10
[22:14:14] [Server thread/INFO] (Minecraft) Changing simulation distance to 12, from 0
[22:14:16] [Server thread/WARN] (Minecraft) Can't keep up! Is the server overloaded? Running 3560ms or 71 ticks behind
[22:14:20] [Server thread/INFO] (Minecraft) Player976[local:E:8c144b53] logged in with entity id 182 at (41.329635876039184, 105.0, -9.690697324728959)
[22:14:21] [Server thread/INFO] (Minecraft) Player976 joined the game
[22:14:35] [Render thread/INFO] (Minecraft) Loaded 0 advancements
[22:14:40] [Server thread/WARN] (Minecraft) Can't keep up! Is the server overloaded? Running 2685ms or 53 ticks behind
[22:14:47] [Server thread/INFO] (Minecraft) Saving and pausing game...
[22:14:47] [Server thread/INFO] (Minecraft) Saving chunks for level 'ServerLevel[New World]'/minecraft:overworld
[22:15:04] [Server thread/INFO] (Minecraft) Saving chunks for level 'ServerLevel[New World]'/minecraft:the_end
[22:15:04] [Server thread/INFO] (Minecraft) Saving chunks for level 'ServerLevel[New World]'/minecraft:the_nether
[22:15:28] [Server thread/WARN] (Minecraft) Can't keep up! Is the server overloaded? Running 32083ms or 641 ticks behind
[22:15:39] [Server thread/INFO] (Minecraft) Player976 has made the advancement [Isn't It Iron Pick]
[22:15:39] [Server thread/INFO] (Minecraft) [Player976: Gave 1 [Iron Pickaxe] to Player976]
[22:15:40] [Render thread/INFO] (Minecraft) [System] [CHAT] Player976 has made the advancement [Isn't It Iron Pick]
[22:15:40] [Render thread/INFO] (Minecraft) [System] [CHAT] Gave 1 [Iron Pickaxe] to Player976
[22:15:40] [Render thread/INFO] (Minecraft) Loaded 11 advancements
[22:15:43] [Server thread/INFO] (Minecraft) [Player976: Set own game mode to Survival Mode]
[22:15:43] [Render thread/INFO] (Minecraft) [System] [CHAT] Set own game mode to Survival Mode
[22:15:51] [Server thread/WARN] (Minecraft) Can't keep up! Is the server overloaded? Running 8235ms or 164 ticks behind
[22:16:04] [Server thread/INFO] (Minecraft) Player976 has made the advancement [Getting an Upgrade]
[22:16:04] [Server thread/INFO] (Minecraft) [Player976: Gave 1 [Stone Pickaxe] to Player976]
[22:16:04] [Render thread/INFO] (Minecraft) [System] [CHAT] Player976 has made the advancement [Getting an Upgrade]
[22:16:04] [Render thread/INFO] (Minecraft) [System] [CHAT] Gave 1 [Stone Pickaxe] to Player976
[22:16:04] [Render thread/INFO] (Minecraft) Loaded 14 advancements
[22:16:12] [Server thread/WARN] (Minecraft) Can't keep up! Is the server overloaded? Running 6562ms or 131 ticks behind
[22:16:32] [Server thread/WARN] (Minecraft) Can't keep up! Is the server overloaded? Running 2136ms or 42 ticks behind
[22:16:55] [Server thread/WARN] (Minecraft) Can't keep up! Is the server overloaded? Running 8325ms or 166 ticks behind
[22:17:17] [Server thread/WARN] (Minecraft) Can't keep up! Is the server overloaded? Running 7255ms or 145 ticks behind
[22:17:33] [Server thread/INFO] (Minecraft) [Player976: Gave 1 [Crafting Table] to Player976]
[22:17:34] [Render thread/INFO] (Minecraft) [System] [CHAT] Gave 1 [Crafting Table] to Player976
[22:17:34] [Render thread/INFO] (Minecraft) Loaded 14 advancements
[22:17:36] [Server thread/WARN] (Minecraft) Can't keep up! Is the server overloaded? Running 3706ms or 74 ticks behind
[22:17:41] [Server thread/INFO] (Minecraft) [Player976: Gave 1 [Amethyst Shard] to Player976]
[22:17:41] [Render thread/INFO] (Minecraft) [System] [CHAT] Gave 1 [Amethyst Shard] to Player976
[22:17:41] [Render thread/INFO] (Minecraft) Loaded 17 advancements
[22:17:46] [Server thread/INFO] (Minecraft) [Player976: Gave 4 [Blaze Powder] to Player976]
[22:17:47] [Render thread/INFO] (Minecraft) [System] [CHAT] Gave 4 [Blaze Powder] to Player976
[22:17:47] [Render thread/INFO] (Minecraft) Loaded 20 advancements
[22:18:06] [Server thread/WARN] (Minecraft) Can't keep up! Is the server overloaded? Running 2015ms or 40 ticks behind
[22:18:19] [Server thread/INFO] (Minecraft) Saving and pausing game...
[22:18:19] [Server thread/INFO] (Minecraft) Saving chunks for level 'ServerLevel[New World]'/minecraft:overworld
[22:18:23] [Server thread/INFO] (Minecraft) Saving chunks for level 'ServerLevel[New World]'/minecraft:the_end
[22:18:23] [Server thread/INFO] (Minecraft) Saving chunks for level 'ServerLevel[New World]'/minecraft:the_nether
[22:18:23] [Server thread/INFO] (Minecraft) Player976 lost connection: Disconnected
[22:18:23] [Server thread/INFO] (Minecraft) Player976 left the game
[22:18:23] [Server thread/INFO] (Minecraft) Stopping singleplayer server as player logged out
[22:18:24] [Server thread/INFO] (Minecraft) Stopping server
[22:18:24] [Server thread/INFO] (Minecraft) Saving players
[22:18:24] [Server thread/INFO] (Minecraft) Saving worlds
[22:18:36] [Server thread/INFO] (Minecraft) Saving chunks for level 'ServerLevel[New World]'/minecraft:overworld
[22:18:36] [Server thread/INFO] (Minecraft) Saving chunks for level 'ServerLevel[New World]'/minecraft:the_end
[22:18:36] [Server thread/INFO] (Minecraft) Saving chunks for level 'ServerLevel[New World]'/minecraft:the_nether
[22:18:36] [Server thread/INFO] (Minecraft) ThreadedAnvilChunkStorage (New World): All chunks are saved
[22:18:36] [Server thread/INFO] (Minecraft) ThreadedAnvilChunkStorage (DIM1): All chunks are saved
[22:18:36] [Server thread/INFO] (Minecraft) ThreadedAnvilChunkStorage (DIM-1): All chunks are saved
[22:18:36] [Server thread/INFO] (Minecraft) ThreadedAnvilChunkStorage: All dimensions are saved
[22:18:41] [Render thread/INFO] (arcanemastery) This line is printed by an example mod mixin!
[22:18:43] [Render thread/INFO] (fabric-screen-api-v1) Stopping!
